[2023-10-25 01:27:02] [WARNING]: 自动注册实例已关闭，请配置 sign-server 端自动注册实例以保持正常签名 
[2023-10-25 01:27:13] [WARNING]: Protocol -> device lock is disabled. HTTP API may fail. 
[2023-10-25 01:27:17] [WARNING]: 检查更新失败！ 
[2023-10-25 03:17:09] [WARNING]: Bot已离线: 服务端强制下线. 
[2023-10-25 03:17:12] [WARNING]: 将在 3 秒后尝试重连. 重连次数：2/0 
[2023-10-25 03:17:15] [WARNING]: 尝试重连... 
[2023-10-25 03:17:15] [WARNING]: 快速重连失败: exchange_emp failed: 40 
[2023-10-25 03:17:15] [WARNING]: 快速重连失败, 尝试普通登录. 这可能是因为其他端强行T下线导致的. 
[2023-10-25 03:17:18] [WARNING]: 登录失败: 账号被冻结 Code: 40 
[2023-10-25 03:27:05] [ERROR]: Protocol -> parse incoming packet error: session expired 
[2023-10-25 03:27:20] [WARNING]: Callback error: Packet timed out, Or response data is empty 
[2023-10-25 09:40:20] [WARNING]: 群消息发送失败: 账号可能被风控. 
[2023-10-25 10:10:26] [WARNING]: 群消息发送失败: 账号可能被风控. 
[2023-10-25 10:10:44] [WARNING]: 群消息发送失败: 账号可能被风控. 
[2023-10-25 10:22:10] [WARNING]: 群消息发送失败: 账号可能被风控. 
[2023-10-25 11:00:15] [WARNING]: 群消息发送失败: 账号可能被风控. 
[2023-10-25 11:30:16] [WARNING]: 自动注册实例已关闭，请配置 sign-server 端自动注册实例以保持正常签名 
[2023-10-25 11:30:22] [WARNING]: 恢复会话失败: exchange_emp failed: 16 , 尝试使用正常流程登录. 
[2023-10-25 11:30:25] [WARNING]: 账号已开启设备锁，请选择验证方式: 
[2023-10-25 11:30:25] [WARNING]: 1. 向手机 132*******8 发送短信验证码 
[2023-10-25 11:30:25] [WARNING]: 2. 使用手机QQ扫码验证. 
[2023-10-25 11:30:25] [WARNING]: 请输入(1 - 2)： 
[2023-10-25 11:30:30] [WARNING]: 请输入短信验证码： (Enter 提交) 
[2023-10-25 11:30:42] [WARNING]: 检查更新失败！ 
[2023-10-25 14:10:26] [WARNING]: 群消息发送失败: 账号可能被风控. 
[2023-10-25 14:10:26] [WARNING]: 群消息发送失败: 账号可能被风控. 
[2023-10-25 14:10:26] [WARNING]: 群消息发送失败: 账号可能被风控. 
[2023-10-25 14:10:31] [WARNING]: 群消息发送失败: 账号可能被风控. 
[2023-10-25 14:10:51] [WARNING]: 群消息发送失败: 账号可能被风控. 
[2023-10-25 14:10:54] [WARNING]: 群消息发送失败: 账号可能被风控. 
[2023-10-25 14:10:55] [WARNING]: 群消息发送失败: 账号可能被风控. 
[2023-10-25 14:10:56] [WARNING]: 群消息发送失败: 账号可能被风控. 
[2023-10-25 14:10:56] [WARNING]: 群消息发送失败: 账号可能被风控. 
[2023-10-25 14:11:42] [WARNING]: 群消息发送失败: 账号可能被风控. 
[2023-10-25 14:11:43] [WARNING]: 群消息发送失败: 账号可能被风控. 
[2023-10-25 14:11:57] [WARNING]: 群消息发送失败: 账号可能被风控. 
[2023-10-25 14:12:29] [WARNING]: 群消息发送失败: 账号可能被风控. 
[2023-10-25 14:14:02] [WARNING]: 群消息发送失败: 账号可能被风控. 
[2023-10-25 14:14:07] [WARNING]: 群消息发送失败: 账号可能被风控. 
[2023-10-25 14:15:52] [WARNING]: 群消息发送失败: 账号可能被风控. 
[2023-10-25 14:15:57] [WARNING]: 群消息发送失败: 账号可能被风控. 
[2023-10-25 14:17:01] [WARNING]: 群消息发送失败: 账号可能被风控. 
[2023-10-25 14:18:18] [WARNING]: 群消息发送失败: 账号可能被风控. 
[2023-10-25 14:18:33] [WARNING]: 群消息发送失败: 账号可能被风控. 
[2023-10-25 14:20:37] [WARNING]: 群消息发送失败: 账号可能被风控. 
[2023-10-25 14:23:12] [WARNING]: 群消息发送失败: 账号可能被风控. 
[2023-10-25 14:23:36] [WARNING]: 群消息发送失败: 账号可能被风控. 
[2023-10-25 14:24:07] [WARNING]: 群消息发送失败: 账号可能被风控. 
[2023-10-25 14:24:12] [WARNING]: 群消息发送失败: 账号可能被风控. 
[2023-10-25 14:24:51] [WARNING]: 群消息发送失败: 账号可能被风控. 
[2023-10-25 14:25:12] [WARNING]: Protocol -> process channel event error: guild not found. 
[2023-10-25 14:27:54] [WARNING]: 群消息发送失败: 账号可能被风控. 
[2023-10-25 14:27:55] [WARNING]: 群消息发送失败: 账号可能被风控. 
[2023-10-25 14:27:55] [WARNING]: 群消息发送失败: 账号可能被风控. 
[2023-10-25 14:31:53] [WARNING]: 群消息发送失败: 账号可能被风控. 
[2023-10-25 14:38:03] [WARNING]: 群消息发送失败: 账号可能被风控. 
[2023-10-25 14:41:07] [WARNING]: 群消息发送失败: 账号可能被风控. 
